<?xml version="1.0" encoding="UTF-8"?>
<!-- Generated by org.testng.reporters.JUnitReportReporter -->
<testsuite hostname="Purushoth" name="tests.LoginTests" tests="2" failures="0" timestamp="17 Aug 2020 16:24:22 GMT" time="7.832" errors="0">
  <testcase name="Google" time="4.759" classname="tests.LoginTests"/>
  <testcase name="Twingo" time="3.073" classname="tests.LoginTests"/>
</testsuite> <!-- tests.LoginTests -->
