<?xml version="1.0" encoding="UTF-8"?>
<!-- Generated by org.testng.reporters.JUnitReportReporter -->
<testsuite hostname="Purushoth" name="tests.LoginTests" tests="2" failures="0" timestamp="17 Aug 2020 15:58:15 GMT" time="10.116" errors="0">
  <testcase name="Google" time="7.867" classname="tests.LoginTests"/>
  <testcase name="Twingo" time="2.249" classname="tests.LoginTests"/>
</testsuite> <!-- tests.LoginTests -->
